<?xml version="1.0" encoding="UTF-8"?>
<!-- Generated by org.testng.reporters.JUnitReportReporter -->
<testsuite skipped="0" hostname="LW-AmarT" name="testscript.AssetCostAssignmentTest" tests="1" failures="0" timestamp="26 Sep 2017 05:41:10 GMT" time="50.640" errors="0">
  <testcase name="AssetCostAssignmentSmokeTest" time="50.640" classname="testscript.AssetCostAssignmentTest"/>
</testsuite> <!-- testscript.AssetCostAssignmentTest -->
