<?xml version="1.0" encoding="UTF-8"?>
<!-- Generated by org.testng.reporters.JUnitReportReporter -->
<testsuite skipped="0" hostname="LW-TAMAR" name="test.Test" tests="1" failures="0" timestamp="06 Jan 2018 07:36:01 GMT" time="0.012" errors="0">
  <testcase name="tesitng" time="0.012" classname="test.Test"/>
</testsuite> <!-- test.Test -->
