<?xml version="1.0" encoding="UTF-8"?>
<!-- Generated by org.testng.reporters.JUnitReportReporter -->
<testsuite skipped="0" hostname="LW-AmarT" name="scenarios.LeaseBulkCreationTest" tests="3" failures="0" timestamp="17 Nov 2017 06:42:34 GMT" time="415.368" errors="0">
  <testcase name="runAssetBulkCreation" time="121.631" classname="scenarios.LeaseBulkCreationTest"/>
  <testcase name="runAssetBulkValueAssignment" time="70.620" classname="scenarios.LeaseBulkCreationTest"/>
  <testcase name="runLeaseBulkCreation" time="223.117" classname="scenarios.LeaseBulkCreationTest"/>
</testsuite> <!-- scenarios.LeaseBulkCreationTest -->
