<?xml version="1.0" encoding="UTF-8"?>
<!-- Generated by org.testng.reporters.JUnitReportReporter -->
<testsuite skipped="0" hostname="LW-TAMAR" name="scenarios.TestExtent2" tests="1" failures="0" timestamp="20 Dec 2017 09:32:56 GMT" time="14.928" errors="0">
  <testcase name="reporttestPass" time="14.928" classname="scenarios.TestExtent2"/>
</testsuite> <!-- scenarios.TestExtent2 -->
