<?xml version="1.0" encoding="UTF-8"?>
<!-- Generated by org.testng.reporters.JUnitReportReporter -->
<testsuite skipped="1" hostname="LW-TAMAR" name="scenarios.LeaseRestructureTest" tests="1" failures="0" timestamp="12 Jan 2018 12:05:25 GMT" time="0.000" errors="0">
  <testcase name="LeaseRestructureSmokeTest" time="0.000" classname="scenarios.LeaseRestructureTest">
    <skipped/>
  </testcase> <!-- LeaseRestructureSmokeTest -->
</testsuite> <!-- scenarios.LeaseRestructureTest -->
