<?xml version="1.0" encoding="UTF-8"?>
<!-- Generated by org.testng.reporters.JUnitReportReporter -->
<testsuite skipped="1" hostname="LW-TAMAR" name="scenarios.ArrearsLease__ReceiptPosting_ByInvoiceEndToEndTest" tests="1" failures="0" timestamp="12 Jan 2018 12:05:25 GMT" time="0.000" errors="0">
  <testcase name="testingArrearsLeaseEndToEnd" time="0.000" classname="scenarios.ArrearsLease__ReceiptPosting_ByInvoiceEndToEndTest">
    <skipped/>
  </testcase> <!-- testingArrearsLeaseEndToEnd -->
</testsuite> <!-- scenarios.ArrearsLease__ReceiptPosting_ByInvoiceEndToEndTest -->
