<?xml version="1.0" encoding="UTF-8"?>
<!-- Generated by org.testng.reporters.JUnitReportReporter -->
<testsuite skipped="0" hostname="LW-TAMAR" name="scenarios.TestExtent" tests="1" failures="0" timestamp="10 Dec 2017 07:37:05 GMT" time="82.830" errors="0">
  <testcase name="createAsset" time="82.830" classname="scenarios.TestExtent"/>
</testsuite> <!-- scenarios.TestExtent -->
