<?xml version="1.0" encoding="UTF-8"?>
<!-- Generated by org.testng.reporters.JUnitReportReporter -->
<testsuite skipped="0" hostname="LW-AmarT" name="testscript.AssetProfileTest" tests="1" failures="0" timestamp="26 Sep 2017 05:41:10 GMT" time="57.289" errors="0">
  <testcase name="AssetCreationSmokeTest" time="57.289" classname="testscript.AssetProfileTest"/>
</testsuite> <!-- testscript.AssetProfileTest -->
