<?xml version="1.0" encoding="UTF-8"?>
<!-- Generated by org.testng.reporters.JUnitReportReporter -->
<testsuite skipped="0" hostname="LW-TAMAR" name="generic.TestData" tests="1" failures="0" timestamp="09 Dec 2017 06:36:44 GMT" time="0.010" errors="0">
  <testcase name="createAsset" time="0.010" classname="generic.TestData"/>
</testsuite> <!-- generic.TestData -->
