<?xml version="1.0" encoding="UTF-8"?>
<!-- Generated by org.testng.reporters.JUnitReportReporter -->
<testsuite skipped="0" hostname="LW-AmarT" name="testscript.LoginTest" tests="1" failures="0" timestamp="17 Jun 2017 14:21:14 GMT" time="17.513" errors="0">
  <testcase name="testLogin" time="17.513" classname="testscript.LoginTest"/>
</testsuite> <!-- testscript.LoginTest -->
