<?xml version="1.0" encoding="UTF-8"?>
<!-- Generated by org.testng.reporters.JUnitReportReporter -->
<testsuite skipped="0" hostname="LW-AmarT" name="testscript.LtrToArUpdatetest" tests="1" failures="0" timestamp="15 Jul 2017 11:37:17 GMT" time="23.588" errors="0">
  <testcase name="testLtrToArUpdate" time="23.588" classname="testscript.LtrToArUpdatetest"/>
</testsuite> <!-- testscript.LtrToArUpdatetest -->
