<?xml version="1.0" encoding="UTF-8"?>
<!-- Generated by org.testng.reporters.JUnitReportReporter -->
<testsuite skipped="0" hostname="LW-TAMAR" name="test.ExcelComparator" tests="1" failures="0" timestamp="06 Jan 2018 16:03:40 GMT" time="0.532" errors="0">
  <testcase name="compareTwoSheets" time="0.532" classname="test.ExcelComparator"/>
</testsuite> <!-- test.ExcelComparator -->
